<?xml version="1.0" encoding="UTF-8"?>
<!-- Generated by org.testng.reporters.JUnitReportReporter -->
<testsuite hostname="DESKTOP-CT5V6DT" name="tests.AddNewPostTestcase" tests="1" failures="0" timestamp="8 Oct 2020 16:10:40 GMT" time="32.890" errors="0">
  <testcase name="addPost" time="32.890" classname="tests.AddNewPostTestcase"/>
</testsuite> <!-- tests.AddNewPostTestcase -->
