<?xml version="1.0" encoding="UTF-8"?>
<!-- Generated by org.testng.reporters.JUnitReportReporter -->
<testsuite hostname="DESKTOP-CT5V6DT" name="tests.TestBase" tests="1" failures="0" timestamp="7 Oct 2020 21:52:59 GMT" time="30.985" errors="0">
  <testcase name="setup" time="30.985" classname="tests.TestBase"/>
</testsuite> <!-- tests.TestBase -->
