<?xml version="1.0" encoding="UTF-8"?>
<!-- Generated by org.testng.reporters.JUnitReportReporter -->
<testsuite hostname="DESKTOP-EQ1ID6D" failures="0" tests="1" name="tests.LoginTestCase" time="11.949" errors="0" timestamp="2022-04-16T01:31:08 EET" skipped="0">
  <testcase classname="tests.LoginTestCase" name="UserLoginSuccessfully" time="11.949"/>
  <system-out/>
</testsuite> <!-- tests.LoginTestCase -->
